<?xml version="1.0" encoding="UTF-8"?>
<!-- Generated by org.testng.reporters.JUnitReportReporter -->
<testsuite hostname="Rajraviojha" failures="0" tests="1" name="Selenium.Test_Selenium.AppTest" time="0.137" errors="0" timestamp="26 May 2024 20:49:31 GMT" skipped="0">
  <testcase classname="Selenium.Test_Selenium.AppTest" name="shouldAnswerWithTrue" time="0.137"/>
</testsuite> <!-- Selenium.Test_Selenium.AppTest -->
